DEBUG:schedule:Running job Job(interval=1, unit=minutes, do=collect_snmp_data, args=(), kwargs={})
DEBUG:schedule:Running job Job(interval=1, unit=minutes, do=collect_snmp_data, args=(), kwargs={})
DEBUG:schedule:Running job Job(interval=1, unit=minutes, do=collect_snmp_data, args=(), kwargs={})
DEBUG:schedule:Running job Job(interval=1, unit=minutes, do=collect_snmp_data, args=(), kwargs={})
DEBUG:schedule:Running job Job(interval=1, unit=minutes, do=collect_snmp_data, args=(), kwargs={})
DEBUG:schedule:Running job Job(interval=1, unit=minutes, do=collect_snmp_data, args=(), kwargs={})
DEBUG:schedule:Running job Job(interval=1, unit=minutes, do=collect_snmp_data, args=(), kwargs={})
DEBUG:schedule:Running job Job(interval=1, unit=minutes, do=collect_snmp_data, args=(), kwargs={})
DEBUG:schedule:Running job Job(interval=1, unit=minutes, do=collect_snmp_data, args=(), kwargs={})
DEBUG:schedule:Running job Job(interval=1, unit=minutes, do=collect_snmp_data, args=(), kwargs={})
DEBUG:schedule:Running job Job(interval=1, unit=minutes, do=collect_snmp_data, args=(), kwargs={})
DEBUG:schedule:Running job Job(interval=1, unit=minutes, do=collect_snmp_data, args=(), kwargs={})
DEBUG:schedule:Running job Job(interval=1, unit=minutes, do=collect_snmp_data, args=(), kwargs={})
DEBUG:schedule:Running job Job(interval=1, unit=minutes, do=collect_snmp_data, args=(), kwargs={})
DEBUG:schedule:Running job Job(interval=1, unit=minutes, do=collect_snmp_data, args=(), kwargs={})
DEBUG:schedule:Running job Job(interval=1, unit=minutes, do=collect_snmp_data, args=(), kwargs={})
DEBUG:schedule:Running job Job(interval=1, unit=minutes, do=collect_snmp_data, args=(), kwargs={})
DEBUG:schedule:Running job Job(interval=1, unit=minutes, do=collect_snmp_data, args=(), kwargs={})
DEBUG:schedule:Running job Job(interval=1, unit=minutes, do=collect_snmp_data, args=(), kwargs={})
DEBUG:schedule:Running job Job(interval=1, unit=minutes, do=collect_snmp_data, args=(), kwargs={})
DEBUG:schedule:Running job Job(interval=1, unit=minutes, do=collect_snmp_data, args=(), kwargs={})
DEBUG:schedule:Running job Job(interval=1, unit=minutes, do=collect_snmp_data, args=(), kwargs={})
DEBUG:schedule:Running job Job(interval=1, unit=minutes, do=collect_snmp_data, args=(), kwargs={})
DEBUG:schedule:Running job Job(interval=1, unit=minutes, do=collect_snmp_data, args=(), kwargs={})
DEBUG:schedule:Running job Job(interval=1, unit=minutes, do=collect_snmp_data, args=(), kwargs={})
DEBUG:schedule:Running job Job(interval=1, unit=minutes, do=collect_snmp_data, args=(), kwargs={})
DEBUG:schedule:Running job Job(interval=1, unit=minutes, do=collect_snmp_data, args=(), kwargs={})
DEBUG:schedule:Running job Job(interval=1, unit=minutes, do=collect_snmp_data, args=(), kwargs={})
DEBUG:schedule:Running job Job(interval=1, unit=minutes, do=collect_snmp_data, args=(), kwargs={})
DEBUG:schedule:Running job Job(interval=1, unit=minutes, do=collect_snmp_data, args=(), kwargs={})
DEBUG:schedule:Running job Job(interval=1, unit=minutes, do=collect_snmp_data, args=(), kwargs={})
DEBUG:schedule:Running job Job(interval=1, unit=minutes, do=collect_snmp_data, args=(), kwargs={})
DEBUG:schedule:Running job Job(interval=1, unit=minutes, do=collect_snmp_data, args=(), kwargs={})
DEBUG:schedule:Running job Job(interval=1, unit=minutes, do=collect_snmp_data, args=(), kwargs={})
DEBUG:schedule:Running job Job(interval=1, unit=minutes, do=collect_snmp_data, args=(), kwargs={})
2023-11-26 18:11:04,548 - Journal_exemple - DEBUG - Information-Debug
DEBUG:Journal_exemple:Information-Debug
2023-11-26 18:11:04,568 - Journal_exemple - INFO - Message info
INFO:Journal_exemple:Message info
2023-11-26 18:11:04,568 - Journal_exemple - WARNING - avertissement
WARNING:Journal_exemple:avertissement
2023-11-26 18:11:04,569 - Journal_exemple - CRITICAL - erreur grave
CRITICAL:Journal_exemple:erreur grave
INFO:root:Ceci est un message de journalisation d'information.
INFO:waitress:Serving on http://0.0.0.0:9000
INFO:root:L'utilisateur root s'est connecté avec succès.
DEBUG:schedule:Running job Job(interval=1, unit=minutes, do=collect_snmp_data, args=(), kwargs={})
2023-11-26 19:20:51,239 - Journal_exemple - DEBUG - Information-Debug
DEBUG:Journal_exemple:Information-Debug
2023-11-26 19:20:51,240 - Journal_exemple - INFO - Message info
INFO:Journal_exemple:Message info
2023-11-26 19:20:51,241 - Journal_exemple - WARNING - avertissement
WARNING:Journal_exemple:avertissement
2023-11-26 19:20:51,241 - Journal_exemple - CRITICAL - erreur grave
CRITICAL:Journal_exemple:erreur grave
INFO:root:Ceci est un message de journalisation d'information.
INFO:waitress:Serving on http://0.0.0.0:9000
ERROR:app:Exception on /add_equipment [POST]
Traceback (most recent call last):
  File "/home/nico/.local/lib/python3.10/site-packages/flask/app.py", line 1455, in wsgi_app
    response = self.full_dispatch_request()
  File "/home/nico/.local/lib/python3.10/site-packages/flask/app.py", line 869, in full_dispatch_request
    rv = self.handle_user_exception(e)
  File "/home/nico/.local/lib/python3.10/site-packages/flask/app.py", line 867, in full_dispatch_request
    rv = self.dispatch_request()
  File "/home/nico/.local/lib/python3.10/site-packages/flask/app.py", line 852, in dispatch_request
    return self.ensure_sync(self.view_functions[rule.endpoint])(**view_args)
  File "/mnt/e/P/Semestre 9/ETRS011 - Projet Developpement/ETRS011_SNMP/python/app.py", line 150, in add_equipment
    manager.add_equipment(nom, adresse_ip, port, communaute)
  File "/mnt/e/P/Semestre 9/ETRS011 - Projet Developpement/ETRS011_SNMP/python/equipment_manager.py", line 34, in add_equipment
    if equipement['Nom'] == nom and equipement['AdresseIP'] == adresse_ip:
KeyError: 'Nom'
DEBUG:schedule:Running job Job(interval=1, unit=minutes, do=collect_snmp_data, args=(), kwargs={})
2023-11-26 19:28:03,256 - Journal_exemple - DEBUG - Information-Debug
DEBUG:Journal_exemple:Information-Debug
2023-11-26 19:28:03,256 - Journal_exemple - INFO - Message info
INFO:Journal_exemple:Message info
2023-11-26 19:28:03,257 - Journal_exemple - WARNING - avertissement
WARNING:Journal_exemple:avertissement
2023-11-26 19:28:03,257 - Journal_exemple - CRITICAL - erreur grave
CRITICAL:Journal_exemple:erreur grave
INFO:root:Ceci est un message de journalisation d'information.
INFO:waitress:Serving on http://0.0.0.0:9000
ERROR:app:Exception on /get_equipment_info [POST]
Traceback (most recent call last):
  File "/home/nico/.local/lib/python3.10/site-packages/flask/app.py", line 1455, in wsgi_app
    response = self.full_dispatch_request()
  File "/home/nico/.local/lib/python3.10/site-packages/flask/app.py", line 869, in full_dispatch_request
    rv = self.handle_user_exception(e)
  File "/home/nico/.local/lib/python3.10/site-packages/flask/app.py", line 867, in full_dispatch_request
    rv = self.dispatch_request()
  File "/home/nico/.local/lib/python3.10/site-packages/flask/app.py", line 852, in dispatch_request
    return self.ensure_sync(self.view_functions[rule.endpoint])(**view_args)
  File "/mnt/e/P/Semestre 9/ETRS011 - Projet Developpement/ETRS011_SNMP/python/app.py", line 264, in get_equipment_info
    return render_template('equipment_info.html', equipment=selected_equipment, data_equipment=selected_data)
  File "/home/nico/.local/lib/python3.10/site-packages/flask/templating.py", line 152, in render_template
    return _render(app, template, context)
  File "/home/nico/.local/lib/python3.10/site-packages/flask/templating.py", line 133, in _render
    rv = template.render(context)
  File "/home/nico/.local/lib/python3.10/site-packages/jinja2/environment.py", line 1301, in render
    self.environment.handle_exception()
  File "/home/nico/.local/lib/python3.10/site-packages/jinja2/environment.py", line 936, in handle_exception
    raise rewrite_traceback_stack(source=source)
  File "/mnt/e/P/Semestre 9/ETRS011 - Projet Developpement/ETRS011_SNMP/python/templates/equipment_info.html", line 31, in top-level template code
    {% for oid, value in data_equipment['OID'].items() %}
  File "/home/nico/.local/lib/python3.10/site-packages/jinja2/environment.py", line 485, in getattr
    return getattr(obj, attribute)
jinja2.exceptions.UndefinedError: 'None' has no attribute 'OID'
DEBUG:schedule:Running job Job(interval=1, unit=minutes, do=collect_snmp_data, args=(), kwargs={})
2023-11-26 19:34:49,436 - Journal_exemple - DEBUG - Information-Debug
DEBUG:Journal_exemple:Information-Debug
2023-11-26 19:34:49,437 - Journal_exemple - INFO - Message info
INFO:Journal_exemple:Message info
2023-11-26 19:34:49,437 - Journal_exemple - WARNING - avertissement
WARNING:Journal_exemple:avertissement
2023-11-26 19:34:49,437 - Journal_exemple - CRITICAL - erreur grave
CRITICAL:Journal_exemple:erreur grave
INFO:root:Ceci est un message de journalisation d'information.
INFO:waitress:Serving on http://0.0.0.0:9000
DEBUG:schedule:Running job Job(interval=1, unit=minutes, do=collect_snmp_data, args=(), kwargs={})
2023-11-26 20:02:12,415 - Journal_exemple - DEBUG - Information-Debug
DEBUG:Journal_exemple:Information-Debug
2023-11-26 20:02:12,415 - Journal_exemple - INFO - Message info
INFO:Journal_exemple:Message info
2023-11-26 20:02:12,416 - Journal_exemple - WARNING - avertissement
WARNING:Journal_exemple:avertissement
2023-11-26 20:02:12,416 - Journal_exemple - CRITICAL - erreur grave
CRITICAL:Journal_exemple:erreur grave
INFO:root:Ceci est un message de journalisation d'information.
INFO:waitress:Serving on http://0.0.0.0:9000
2023-11-26 20:03:26,534 - Journal_exemple - DEBUG - Information-Debug
DEBUG:Journal_exemple:Information-Debug
2023-11-26 20:03:26,535 - Journal_exemple - INFO - Message info
INFO:Journal_exemple:Message info
2023-11-26 20:03:26,535 - Journal_exemple - WARNING - avertissement
WARNING:Journal_exemple:avertissement
2023-11-26 20:03:26,536 - Journal_exemple - CRITICAL - erreur grave
CRITICAL:Journal_exemple:erreur grave
INFO:root:Ceci est un message de journalisation d'information.
INFO:waitress:Serving on http://0.0.0.0:9000
DEBUG:schedule:Running job Job(interval=1, unit=minutes, do=collect_snmp_data, args=(), kwargs={})
2023-11-26 20:07:25,384 - Journal_exemple - DEBUG - Information-Debug
DEBUG:Journal_exemple:Information-Debug
2023-11-26 20:07:25,385 - Journal_exemple - INFO - Message info
INFO:Journal_exemple:Message info
2023-11-26 20:07:25,385 - Journal_exemple - WARNING - avertissement
WARNING:Journal_exemple:avertissement
2023-11-26 20:07:25,386 - Journal_exemple - CRITICAL - erreur grave
CRITICAL:Journal_exemple:erreur grave
INFO:root:Ceci est un message de journalisation d'information.
INFO:waitress:Serving on http://0.0.0.0:9000
2023-11-26 20:07:56,850 - Journal_exemple - DEBUG - Information-Debug
DEBUG:Journal_exemple:Information-Debug
2023-11-26 20:07:56,850 - Journal_exemple - INFO - Message info
INFO:Journal_exemple:Message info
2023-11-26 20:07:56,850 - Journal_exemple - WARNING - avertissement
WARNING:Journal_exemple:avertissement
2023-11-26 20:07:56,851 - Journal_exemple - CRITICAL - erreur grave
CRITICAL:Journal_exemple:erreur grave
INFO:root:Ceci est un message de journalisation d'information.
INFO:waitress:Serving on http://0.0.0.0:9000
2023-11-26 20:09:03,527 - Journal_exemple - DEBUG - Information-Debug
DEBUG:Journal_exemple:Information-Debug
2023-11-26 20:09:03,528 - Journal_exemple - INFO - Message info
INFO:Journal_exemple:Message info
2023-11-26 20:09:03,528 - Journal_exemple - WARNING - avertissement
WARNING:Journal_exemple:avertissement
2023-11-26 20:09:03,529 - Journal_exemple - CRITICAL - erreur grave
CRITICAL:Journal_exemple:erreur grave
INFO:root:Ceci est un message de journalisation d'information.
INFO:waitress:Serving on http://0.0.0.0:9000
2023-11-26 20:13:33,273 - Journal_exemple - DEBUG - Information-Debug
DEBUG:Journal_exemple:Information-Debug
2023-11-26 20:13:33,274 - Journal_exemple - INFO - Message info
INFO:Journal_exemple:Message info
2023-11-26 20:13:33,275 - Journal_exemple - WARNING - avertissement
WARNING:Journal_exemple:avertissement
2023-11-26 20:13:33,275 - Journal_exemple - CRITICAL - erreur grave
CRITICAL:Journal_exemple:erreur grave
INFO:root:Ceci est un message de journalisation d'information.
INFO:waitress:Serving on http://0.0.0.0:9000
DEBUG:schedule:Running job Job(interval=1, unit=minutes, do=collect_snmp_data, args=(), kwargs={})
